<?xml version="1.0" encoding="UTF-8"?>
<!-- Generated by org.testng.reporters.JUnitReportReporter -->
<testsuite hostname="JAISU1606183L" failures="0" tests="1" name="UI.dropdownValuesPrintPractice" time="11.040" errors="0" timestamp="2023-03-31T23:00:59 IST" skipped="0">
  <testcase classname="UI.dropdownValuesPrintPractice" name="dropdownvaluesprint" time="11.040"/>
  <system-out/>
</testsuite> <!-- UI.dropdownValuesPrintPractice -->
