<?xml version="1.0" encoding="UTF-8"?>
<!-- Generated by org.testng.reporters.JUnitReportReporter -->
<testsuite hostname="JAISU1606183L" failures="0" tests="3" name="UI.BeforeAfterTest" time="0.006" errors="0" timestamp="2023-02-18T12:54:14 IST" skipped="0">
  <testcase classname="UI.BeforeAfterTest" name="method3" time="0.001"/>
  <system-out/>
  <testcase classname="UI.BeforeAfterTest" name="method1" time="0.004"/>
  <system-out/>
  <testcase classname="UI.BeforeAfterTest" name="method2" time="0.001"/>
  <system-out/>
</testsuite> <!-- UI.BeforeAfterTest -->
