<?xml version="1.0" encoding="UTF-8"?>
<!-- Generated by org.testng.reporters.JUnitReportReporter -->
<testsuite hostname="JAISU1606183L" failures="0" tests="4" name="UI.BeforeAfterGroup" time="0.017" errors="0" timestamp="2023-02-18T13:41:58 IST" skipped="0">
  <testcase classname="UI.BeforeAfterGroup" name="GroupTest1" time="0.012"/>
  <system-out/>
  <testcase classname="UI.BeforeAfterGroup" name="GroupTest4" time="0.002"/>
  <system-out/>
  <testcase classname="UI.BeforeAfterGroup" name="GroupTest3" time="0.002"/>
  <system-out/>
  <testcase classname="UI.BeforeAfterGroup" name="GroupTest2" time="0.001"/>
  <system-out/>
</testsuite> <!-- UI.BeforeAfterGroup -->
