<?xml version="1.0" encoding="UTF-8"?>
<!-- Generated by org.testng.reporters.JUnitReportReporter -->
<testsuite hostname="JAISU1606183L" failures="0" tests="2" name="UI.Group" time="0.007" errors="0" timestamp="2022-09-29T16:50:24 IST" skipped="0">
  <testcase classname="UI.Group" name="GroupTest2" time="0.005"/>
  <system-out/>
  <testcase classname="UI.Group" name="GroupTest4" time="0.002"/>
  <system-out/>
</testsuite> <!-- UI.Group -->
