<?xml version="1.0" encoding="UTF-8"?>
<!-- Generated by org.testng.reporters.JUnitReportReporter -->
<testsuite hostname="JAISU1606183L" failures="0" tests="9" name="UI.DataNeededTestClass" time="0.013" errors="0" timestamp="2023-02-20T11:49:36 IST" skipped="0">
  <testcase classname="UI.DataNeededTestClass" name="testdataneed2" time="0.001"/>
  <system-out/>
  <testcase classname="UI.DataNeededTestClass" name="testdataneed2" time="0.001"/>
  <system-out/>
  <testcase classname="UI.DataNeededTestClass" name="testdataneed2" time="0.001"/>
  <system-out/>
  <testcase classname="UI.DataNeededTestClass" name="testdataneed1" time="0.005"/>
  <system-out/>
  <testcase classname="UI.DataNeededTestClass" name="testdataneed1" time="0.001"/>
  <system-out/>
  <testcase classname="UI.DataNeededTestClass" name="testdataneed1" time="0.001"/>
  <system-out/>
  <testcase classname="UI.DataNeededTestClass" name="testdataneed3" time="0.001"/>
  <system-out/>
  <testcase classname="UI.DataNeededTestClass" name="testdataneed3" time="0.001"/>
  <system-out/>
  <testcase classname="UI.DataNeededTestClass" name="testdataneed3" time="0.001"/>
  <system-out/>
</testsuite> <!-- UI.DataNeededTestClass -->
