<?xml version="1.0" encoding="UTF-8"?>
<!-- Generated by org.testng.reporters.JUnitReportReporter -->
<testsuite hostname="JAISU1606183L" failures="0" tests="3" name="UI.BeforeAfterClass" time="0.007" errors="0" timestamp="2023-02-18T12:56:38 IST" skipped="0">
  <testcase classname="UI.BeforeAfterClass" name="method3" time="0.001"/>
  <system-out/>
  <testcase classname="UI.BeforeAfterClass" name="method5" time="0.002"/>
  <system-out/>
  <testcase classname="UI.BeforeAfterClass" name="method1" time="0.004"/>
  <system-out/>
</testsuite> <!-- UI.BeforeAfterClass -->
