<?xml version="1.0" encoding="UTF-8"?>
<!-- Generated by org.testng.reporters.JUnitReportReporter -->
<testsuite hostname="JAISU1606183L" failures="0" tests="1" name="UI.Windowhandletest" time="33.349" errors="0" timestamp="2023-04-16T12:54:50 IST" skipped="0">
  <testcase classname="UI.Windowhandletest" name="windowtest" time="33.349"/>
  <system-out/>
</testsuite> <!-- UI.Windowhandletest -->
