<?xml version="1.0" encoding="UTF-8"?>
<!-- Generated by org.testng.reporters.JUnitReportReporter -->
<testsuite hostname="JAISU1606183L" failures="0" tests="2" name="UI.T2" time="0.007" errors="0" timestamp="2023-04-04T23:11:18 IST" skipped="0">
  <testcase classname="UI.T2" name="abc" time="0.006"/>
  <system-out/>
  <testcase classname="UI.T2" name="abc" time="0.001"/>
  <system-out/>
</testsuite> <!-- UI.T2 -->
