<?xml version="1.0" encoding="UTF-8"?>
<!-- Generated by org.testng.reporters.JUnitReportReporter -->
<testsuite hostname="JAISU1606183L" failures="0" tests="3" name="UI.BeforeAfterAnnotation" time="0.007" errors="0" timestamp="2022-09-29T16:27:08 IST" skipped="0">
  <testcase classname="UI.BeforeAfterAnnotation" name="method1" time="0.005"/>
  <system-out/>
  <testcase classname="UI.BeforeAfterAnnotation" name="method5" time="0.001"/>
  <system-out/>
  <testcase classname="UI.BeforeAfterAnnotation" name="method3" time="0.001"/>
  <system-out/>
</testsuite> <!-- UI.BeforeAfterAnnotation -->
