<?xml version="1.0" encoding="UTF-8"?>
<!-- Generated by org.testng.reporters.JUnitReportReporter -->
<testsuite hostname="JAISU1606183L" failures="0" tests="1" name="UI.LoginTest" time="0.001" errors="0" timestamp="2022-10-14T16:06:45 IST" skipped="0">
  <testcase classname="UI.LoginTest" name="LoginTest1" time="0.001"/>
  <system-out/>
</testsuite> <!-- UI.LoginTest -->
