<?xml version="1.0" encoding="UTF-8"?>
<!-- Generated by org.testng.reporters.JUnitReportReporter -->
<testsuite hostname="JAISU1606183L" failures="0" tests="3" name="UI.BeforeAfterMethod" time="0.010" errors="0" timestamp="2023-02-18T12:55:09 IST" skipped="0">
  <testcase classname="UI.BeforeAfterMethod" name="method1" time="0.006"/>
  <system-out/>
  <testcase classname="UI.BeforeAfterMethod" name="method2" time="0.003"/>
  <system-out/>
  <testcase classname="UI.BeforeAfterMethod" name="method3" time="0.001"/>
  <system-out/>
</testsuite> <!-- UI.BeforeAfterMethod -->
