<?xml version="1.0" encoding="UTF-8"?>
<!-- Generated by org.testng.reporters.JUnitReportReporter -->
<testsuite hostname="JAISU1606183L" failures="0" tests="4" name="UI.SkipDemo" time="0.010" errors="0" timestamp="2023-04-04T22:58:36 IST" skipped="3">
  <testcase classname="UI.SkipDemo" name="method4" time="0.002">
    <skipped/>
  </testcase> <!-- method4 -->
  <system-out/>
  <testcase classname="UI.SkipDemo" name="method1" time="0.006"/>
  <system-out/>
  <testcase classname="UI.SkipDemo" name="method3" time="0.002">
    <skipped/>
  </testcase> <!-- method3 -->
  <system-out/>
  <testcase classname="UI.SkipDemo" name="method2">
    <skipped/>
  </testcase> <!-- method2 -->
  <system-out/>
</testsuite> <!-- UI.SkipDemo -->
